# JRE version: OpenJDK Runtime Environment Temurin-21.0.1+12 (21.0.1+12) (build 21.0.1+12-LTS)
# Java VM: OpenJDK 64-Bit Server VM Temurin-21.0.1+12 (21.0.1+12-LTS, mixed mode, emulated-client, tiered, compressed oops, compressed class ptrs, g1 gc, windows-amd64)
GC Precious Log:
 CardTable entry size: 512
 Card Set container configuration: InlinePtr #cards 5 size 8 Array Of Cards #cards 12 size 40 Howl #buckets 4 coarsen threshold 1843 Howl Bitmap #cards 512 size 80 coarsen threshold 460 Card regions per heap region 1 cards per card region 2048
 CPUs: 8 total, 8 available
 Memory: 8029M
 Large Page Support: Disabled
 NUMA Support: Disabled
 Compressed Oops: Enabled (32-bit)
 Heap Region Size: 1M
 Heap Min Capacity: 8M
 Heap Initial Capacity: 126M
 Heap Max Capacity: 1G
 Pre-touch: Disabled
 Parallel Workers: 8
 Concurrent Workers: 2
 Concurrent Refinement Workers: 8
 Periodic GC: Disabled
Heap:
 garbage-first heap   total 110592K, used 61201K [0x00000000c0000000, 0x0000000100000000)
  region size 1024K, 15 young (15360K), 6 survivors (6144K)
 Metaspace       used 63118K, committed 63872K, reserved 1114112K
  class space    used 7466K, committed 7808K, reserved 1048576K
GC Heap History (20 events):
Event: 24.331 GC heap after
{Heap after GC invocations=23 (full 0):
 garbage-first heap   total 101376K, used 55400K [0x00000000c0000000, 0x0000000100000000)
  region size 1024K, 2 young (2048K), 2 survivors (2048K)
 Metaspace       used 62329K, committed 63040K, reserved 1114112K
  class space    used 7359K, committed 7680K, reserved 1048576K
}
Event: 24.789 GC heap before
{Heap before GC invocations=23 (full 0):
 garbage-first heap   total 101376K, used 84072K [0x00000000c0000000, 0x0000000100000000)
  region size 1024K, 30 young (30720K), 2 survivors (2048K)
 Metaspace       used 62392K, committed 63104K, reserved 1114112K
  class space    used 7370K, committed 7680K, reserved 1048576K
}
Event: 24.792 GC heap after
{Heap after GC invocations=24 (full 0):
 garbage-first heap   total 101376K, used 57406K [0x00000000c0000000, 0x0000000100000000)
  region size 1024K, 4 young (4096K), 4 survivors (4096K)
 Metaspace       used 62392K, committed 63104K, reserved 1114112K
  class space    used 7370K, committed 7680K, reserved 1048576K
}
Event: 25.275 GC heap before
{Heap before GC invocations=24 (full 0):
 garbage-first heap   total 101376K, used 85054K [0x00000000c0000000, 0x0000000100000000)
  region size 1024K, 32 young (32768K), 4 survivors (4096K)
 Metaspace       used 62393K, committed 63104K, reserved 1114112K
  class space    used 7370K, committed 7680K, reserved 1048576K
}
Event: 25.279 GC heap after
{Heap after GC invocations=25 (full 0):
 garbage-first heap   total 101376K, used 61633K [0x00000000c0000000, 0x0000000100000000)
  region size 1024K, 4 young (4096K), 4 survivors (4096K)
 Metaspace       used 62393K, committed 63104K, reserved 1114112K
  class space    used 7370K, committed 7680K, reserved 1048576K
}
Event: 25.684 GC heap before
{Heap before GC invocations=26 (full 0):
 garbage-first heap   total 107520K, used 88257K [0x00000000c0000000, 0x0000000100000000)
  region size 1024K, 30 young (30720K), 4 survivors (4096K)
 Metaspace       used 62419K, committed 63104K, reserved 1114112K
  class space    used 7377K, committed 7680K, reserved 1048576K
}
Event: 25.686 GC heap after
{Heap after GC invocations=27 (full 0):
 garbage-first heap   total 107520K, used 60670K [0x00000000c0000000, 0x0000000100000000)
  region size 1024K, 2 young (2048K), 2 survivors (2048K)
 Metaspace       used 62419K, committed 63104K, reserved 1114112K
  class space    used 7377K, committed 7680K, reserved 1048576K
}
Event: 26.691 GC heap before
{Heap before GC invocations=27 (full 0):
 garbage-first heap   total 107520K, used 93438K [0x00000000c0000000, 0x0000000100000000)
  region size 1024K, 34 young (34816K), 2 survivors (2048K)
 Metaspace       used 62437K, committed 63104K, reserved 1114112K
  class space    used 7382K, committed 7680K, reserved 1048576K
}
Event: 26.697 GC heap after
{Heap after GC invocations=28 (full 0):
 garbage-first heap   total 107520K, used 56167K [0x00000000c0000000, 0x0000000100000000)
  region size 1024K, 3 young (3072K), 3 survivors (3072K)
 Metaspace       used 62437K, committed 63104K, reserved 1114112K
  class space    used 7382K, committed 7680K, reserved 1048576K
}
Event: 27.180 GC heap before
{Heap before GC invocations=28 (full 0):
 garbage-first heap   total 107520K, used 65383K [0x00000000c0000000, 0x0000000100000000)
  region size 1024K, 13 young (13312K), 3 survivors (3072K)
 Metaspace       used 62476K, committed 63168K, reserved 1114112K
  class space    used 7386K, committed 7680K, reserved 1048576K
}
Event: 27.189 GC heap after
{Heap after GC invocations=29 (full 0):
 garbage-first heap   total 107520K, used 57229K [0x00000000c0000000, 0x0000000100000000)
  region size 1024K, 4 young (4096K), 4 survivors (4096K)
 Metaspace       used 62476K, committed 63168K, reserved 1114112K
  class space    used 7386K, committed 7680K, reserved 1048576K
}
Event: 27.657 GC heap before
{Heap before GC invocations=30 (full 0):
 garbage-first heap   total 107520K, used 97165K [0x00000000c0000000, 0x0000000100000000)
  region size 1024K, 39 young (39936K), 4 survivors (4096K)
 Metaspace       used 62490K, committed 63168K, reserved 1114112K
  class space    used 7388K, committed 7680K, reserved 1048576K
}
Event: 27.663 GC heap after
{Heap after GC invocations=31 (full 0):
 garbage-first heap   total 107520K, used 56447K [0x00000000c0000000, 0x0000000100000000)
  region size 1024K, 2 young (2048K), 2 survivors (2048K)
 Metaspace       used 62490K, committed 63168K, reserved 1114112K
  class space    used 7388K, committed 7680K, reserved 1048576K
}
Event: 28.487 GC heap before
{Heap before GC invocations=31 (full 0):
 garbage-first heap   total 107520K, used 94335K [0x00000000c0000000, 0x0000000100000000)
  region size 1024K, 39 young (39936K), 2 survivors (2048K)
 Metaspace       used 62969K, committed 63680K, reserved 1114112K
  class space    used 7438K, committed 7744K, reserved 1048576K
}
Event: 28.510 GC heap after
{Heap after GC invocations=32 (full 0):
 garbage-first heap   total 107520K, used 51001K [0x00000000c0000000, 0x0000000100000000)
  region size 1024K, 4 young (4096K), 4 survivors (4096K)
 Metaspace       used 62969K, committed 63680K, reserved 1114112K
  class space    used 7438K, committed 7744K, reserved 1048576K
}
Event: 29.165 GC heap before
{Heap before GC invocations=32 (full 0):
 garbage-first heap   total 107520K, used 66361K [0x00000000c0000000, 0x0000000100000000)
  region size 1024K, 20 young (20480K), 4 survivors (4096K)
 Metaspace       used 63013K, committed 63808K, reserved 1114112K
  class space    used 7449K, committed 7808K, reserved 1048576K
}
Event: 29.168 GC heap after
{Heap after GC invocations=33 (full 0):
 garbage-first heap   total 107520K, used 49506K [0x00000000c0000000, 0x0000000100000000)
  region size 1024K, 2 young (2048K), 2 survivors (2048K)
 Metaspace       used 63013K, committed 63808K, reserved 1114112K
  class space    used 7449K, committed 7808K, reserved 1048576K
}
Event: 33.627 GC heap before
{Heap before GC invocations=34 (full 0):
 garbage-first heap   total 107520K, used 101730K [0x00000000c0000000, 0x0000000100000000)
  region size 1024K, 45 young (46080K), 2 survivors (2048K)
 Metaspace       used 63063K, committed 63808K, reserved 1114112K
  class space    used 7461K, committed 7808K, reserved 1048576K
}
Event: 33.631 GC heap after
{Heap after GC invocations=35 (full 0):
 garbage-first heap   total 110592K, used 54033K [0x00000000c0000000, 0x0000000100000000)
  region size 1024K, 6 young (6144K), 6 survivors (6144K)
 Metaspace       used 63063K, committed 63808K, reserved 1114112K
  class space    used 7461K, committed 7808K, reserved 1048576K
}
Event: 68.133 GC heap before
{Heap before GC invocations=35 (full 0):
 garbage-first heap   total 110592K, used 61201K [0x00000000c0000000, 0x0000000100000000)
  region size 1024K, 15 young (15360K), 6 survivors (6144K)
 Metaspace       used 63118K, committed 63872K, reserved 1114112K
  class space    used 7466K, committed 7808K, reserved 1048576K
}

